<?xml version="1.0" encoding="UTF-8" ?>
<testsuite errors="0" failures="0" hostname="Adi-Com" name="pl.edu.pjwstk.chemcalc.code.MyParameterizedClassTest" tests="3" time="0.056" timestamp="2014-02-09T20:34:28">
  <properties>
[...]
</properties>
  <testcase classname="pl.edu.pjwstk.chemcalc.code.MyParameterizedClassTest" name="testMultiplyException[0]" time="0.002" />
  <testcase classname="pl.edu.pjwstk.chemcalc.code.MyParameterizedClassTest" name="testMultiplyException[1]" time="0.0" />
  <testcase classname="pl.edu.pjwstk.chemcalc.code.MyParameterizedClassTest" name="testMultiplyException[2]" time="0.0" />
  <system-out><![CDATA[]]></system-out>
  <system-err><![CDATA[]]></system-err>
</testsuite>
